2020-09-09T21:09:28+00:00 CRITICAL Uncaught Exception: Almacenamiento de datos no válido. in C:\xampp\htdocs\dashboard\battlevolcan\wp-content\plugins\woocommerce\includes\class-wc-data-store.php:107
Stack trace:
#0 C:\xampp\htdocs\dashboard\battlevolcan\wp-content\plugins\woocommerce\includes\class-wc-data-store.php(139): WC_Data_Store->__construct('admin')
#1 C:\xampp\htdocs\dashboard\battlevolcan\wp-content\plugins\woocommerce-admin\src\Notes\WC_Admin_Notes.php(109): WC_Data_Store::load('admin-note')
#2 C:\xampp\htdocs\dashboard\battlevolcan\wp-content\plugins\woocommerce-admin\src\Notes\WC_Admin_Notes_Deactivate_Plugin.php(58): Automattic\WooCommerce\Admin\Notes\WC_Admin_Notes::delete_notes_with_name(Array)
#3 C:\xampp\htdocs\dashboard\battlevolcan\wp-content\plugins\woocommerce-admin\src\Package.php(58): Automattic\WooCommerce\Admin\Notes\WC_Admin_Notes_Deactivate_Plugin::delete_note()
#4 [internal function]: Automattic\WooCommerce\Admin\Composer\Package::init()
#5 C:\xampp\htdocs\dashboard\battlevolcan\wp-content\plugins\woocommerce\src en C:\xampp\htdocs\dashboard\battlevolcan\wp-content\plugins\woocommerce\includes\class-wc-data-store.php en la línea 107

2020-09-09T21:09:34+00:00 CRITICAL Uncaught Exception: Almacenamiento de datos no válido. in C:\xampp\htdocs\dashboard\battlevolcan\wp-content\plugins\woocommerce\includes\class-wc-data-store.php:107
Stack trace:
#0 C:\xampp\htdocs\dashboard\battlevolcan\wp-content\plugins\woocommerce\includes\class-wc-data-store.php(139): WC_Data_Store->__construct('admin')
#1 C:\xampp\htdocs\dashboard\battlevolcan\wp-content\plugins\woocommerce-admin\src\Notes\WC_Admin_Notes.php(109): WC_Data_Store::load('admin-note')
#2 C:\xampp\htdocs\dashboard\battlevolcan\wp-content\plugins\woocommerce-admin\src\Notes\WC_Admin_Notes_Deactivate_Plugin.php(58): Automattic\WooCommerce\Admin\Notes\WC_Admin_Notes::delete_notes_with_name(Array)
#3 C:\xampp\htdocs\dashboard\battlevolcan\wp-content\plugins\woocommerce-admin\src\Package.php(58): Automattic\WooCommerce\Admin\Notes\WC_Admin_Notes_Deactivate_Plugin::delete_note()
#4 [internal function]: Automattic\WooCommerce\Admin\Composer\Package::init()
#5 C:\xampp\htdocs\dashboard\battlevolcan\wp-content\plugins\woocommerce\src en C:\xampp\htdocs\dashboard\battlevolcan\wp-content\plugins\woocommerce\includes\class-wc-data-store.php en la línea 107

2020-09-09T21:10:09+00:00 CRITICAL Uncaught Exception: Almacenamiento de datos no válido. in C:\xampp\htdocs\dashboard\battlevolcan\wp-content\plugins\woocommerce\includes\class-wc-data-store.php:107
Stack trace:
#0 C:\xampp\htdocs\dashboard\battlevolcan\wp-content\plugins\woocommerce\includes\class-wc-data-store.php(139): WC_Data_Store->__construct('admin')
#1 C:\xampp\htdocs\dashboard\battlevolcan\wp-content\plugins\woocommerce-admin\src\Notes\WC_Admin_Notes.php(109): WC_Data_Store::load('admin-note')
#2 C:\xampp\htdocs\dashboard\battlevolcan\wp-content\plugins\woocommerce-admin\src\Notes\WC_Admin_Notes_Deactivate_Plugin.php(58): Automattic\WooCommerce\Admin\Notes\WC_Admin_Notes::delete_notes_with_name(Array)
#3 C:\xampp\htdocs\dashboard\battlevolcan\wp-content\plugins\woocommerce-admin\src\Package.php(58): Automattic\WooCommerce\Admin\Notes\WC_Admin_Notes_Deactivate_Plugin::delete_note()
#4 [internal function]: Automattic\WooCommerce\Admin\Composer\Package::init()
#5 C:\xampp\htdocs\dashboard\battlevolcan\wp-content\plugins\woocommerce\src en C:\xampp\htdocs\dashboard\battlevolcan\wp-content\plugins\woocommerce\includes\class-wc-data-store.php en la línea 107

2020-09-09T21:10:44+00:00 CRITICAL Uncaught Exception: Almacenamiento de datos no válido. in C:\xampp\htdocs\dashboard\battlevolcan\wp-content\plugins\woocommerce\includes\class-wc-data-store.php:107
Stack trace:
#0 C:\xampp\htdocs\dashboard\battlevolcan\wp-content\plugins\woocommerce\includes\class-wc-data-store.php(139): WC_Data_Store->__construct('admin')
#1 C:\xampp\htdocs\dashboard\battlevolcan\wp-content\plugins\woocommerce-admin\src\Notes\WC_Admin_Notes.php(109): WC_Data_Store::load('admin-note')
#2 C:\xampp\htdocs\dashboard\battlevolcan\wp-content\plugins\woocommerce-admin\src\Notes\WC_Admin_Notes_Deactivate_Plugin.php(58): Automattic\WooCommerce\Admin\Notes\WC_Admin_Notes::delete_notes_with_name(Array)
#3 C:\xampp\htdocs\dashboard\battlevolcan\wp-content\plugins\woocommerce-admin\src\Package.php(58): Automattic\WooCommerce\Admin\Notes\WC_Admin_Notes_Deactivate_Plugin::delete_note()
#4 [internal function]: Automattic\WooCommerce\Admin\Composer\Package::init()
#5 C:\xampp\htdocs\dashboard\battlevolcan\wp-content\plugins\woocommerce\src en C:\xampp\htdocs\dashboard\battlevolcan\wp-content\plugins\woocommerce\includes\class-wc-data-store.php en la línea 107

2020-09-09T21:11:02+00:00 CRITICAL Uncaught Exception: Almacenamiento de datos no válido. in C:\xampp\htdocs\dashboard\battlevolcan\wp-content\plugins\woocommerce\includes\class-wc-data-store.php:107
Stack trace:
#0 C:\xampp\htdocs\dashboard\battlevolcan\wp-content\plugins\woocommerce\includes\class-wc-data-store.php(139): WC_Data_Store->__construct('admin')
#1 C:\xampp\htdocs\dashboard\battlevolcan\wp-content\plugins\woocommerce-admin\src\Notes\WC_Admin_Notes.php(109): WC_Data_Store::load('admin-note')
#2 C:\xampp\htdocs\dashboard\battlevolcan\wp-content\plugins\woocommerce-admin\src\Notes\WC_Admin_Notes_Deactivate_Plugin.php(58): Automattic\WooCommerce\Admin\Notes\WC_Admin_Notes::delete_notes_with_name(Array)
#3 C:\xampp\htdocs\dashboard\battlevolcan\wp-content\plugins\woocommerce-admin\src\Package.php(58): Automattic\WooCommerce\Admin\Notes\WC_Admin_Notes_Deactivate_Plugin::delete_note()
#4 [internal function]: Automattic\WooCommerce\Admin\Composer\Package::init()
#5 C:\xampp\htdocs\dashboard\battlevolcan\wp-content\plugins\woocommerce\src en C:\xampp\htdocs\dashboard\battlevolcan\wp-content\plugins\woocommerce\includes\class-wc-data-store.php en la línea 107

2020-09-09T21:11:27+00:00 CRITICAL Uncaught Exception: Almacenamiento de datos no válido. in C:\xampp\htdocs\dashboard\battlevolcan\wp-content\plugins\woocommerce\includes\class-wc-data-store.php:107
Stack trace:
#0 C:\xampp\htdocs\dashboard\battlevolcan\wp-content\plugins\woocommerce\includes\class-wc-data-store.php(139): WC_Data_Store->__construct('admin')
#1 C:\xampp\htdocs\dashboard\battlevolcan\wp-content\plugins\woocommerce-admin\src\Notes\WC_Admin_Notes.php(109): WC_Data_Store::load('admin-note')
#2 C:\xampp\htdocs\dashboard\battlevolcan\wp-content\plugins\woocommerce-admin\src\Notes\WC_Admin_Notes_Deactivate_Plugin.php(58): Automattic\WooCommerce\Admin\Notes\WC_Admin_Notes::delete_notes_with_name(Array)
#3 C:\xampp\htdocs\dashboard\battlevolcan\wp-content\plugins\woocommerce-admin\src\Package.php(58): Automattic\WooCommerce\Admin\Notes\WC_Admin_Notes_Deactivate_Plugin::delete_note()
#4 [internal function]: Automattic\WooCommerce\Admin\Composer\Package::init()
#5 C:\xampp\htdocs\dashboard\battlevolcan\wp-content\plugins\woocommerce\src en C:\xampp\htdocs\dashboard\battlevolcan\wp-content\plugins\woocommerce\includes\class-wc-data-store.php en la línea 107

2020-09-09T21:11:34+00:00 CRITICAL Uncaught Exception: Almacenamiento de datos no válido. in C:\xampp\htdocs\dashboard\battlevolcan\wp-content\plugins\woocommerce\includes\class-wc-data-store.php:107
Stack trace:
#0 C:\xampp\htdocs\dashboard\battlevolcan\wp-content\plugins\woocommerce\includes\class-wc-data-store.php(139): WC_Data_Store->__construct('admin')
#1 C:\xampp\htdocs\dashboard\battlevolcan\wp-content\plugins\woocommerce-admin\src\Notes\WC_Admin_Notes.php(109): WC_Data_Store::load('admin-note')
#2 C:\xampp\htdocs\dashboard\battlevolcan\wp-content\plugins\woocommerce-admin\src\Notes\WC_Admin_Notes_Deactivate_Plugin.php(58): Automattic\WooCommerce\Admin\Notes\WC_Admin_Notes::delete_notes_with_name(Array)
#3 C:\xampp\htdocs\dashboard\battlevolcan\wp-content\plugins\woocommerce-admin\src\Package.php(58): Automattic\WooCommerce\Admin\Notes\WC_Admin_Notes_Deactivate_Plugin::delete_note()
#4 [internal function]: Automattic\WooCommerce\Admin\Composer\Package::init()
#5 C:\xampp\htdocs\dashboard\battlevolcan\wp-content\plugins\woocommerce\src en C:\xampp\htdocs\dashboard\battlevolcan\wp-content\plugins\woocommerce\includes\class-wc-data-store.php en la línea 107

